<?xml version="1.0" encoding="UTF-8"?>
<!-- Generated by org.testng.reporters.JUnitXMLReporter -->
<testsuite ignored="0" hostname="DESKTOP-VSV5DIB" failures="0" tests="3" name="Chrome Test" time="0.113" errors="0" timestamp="2024-10-02T13:53:10 IST">
  <testcase classname="Factory.BrowserFactory" name="@BeforeMethod launchBrowser" time="-1.727857390381E9">
    <failure type="org.testng.TestNGException" message="
Parameter &amp;apos;Browser&amp;apos; is required by BeforeMethod on method launchBrowser but has not been marked @Optional or defined
in C:\Users\user\eclipse-workspace\JenkinsSelenium\testng.xml">
      <![CDATA[org.testng.TestNGException: 
Parameter 'Browser' is required by BeforeMethod on method launchBrowser but has not been marked @Optional or defined
in C:\Users\user\eclipse-workspace\JenkinsSelenium\testng.xml
at java.base/java.util.ArrayList.forEach(ArrayList.java:1541)
... Removed 28 stack frames]]>
    </failure>
  </testcase> <!-- @BeforeMethod launchBrowser -->
  <testcase classname="Factory.BrowserFactory" name="@AfterMethod LogOutTheUser" time="-1.727857390442E9">
    <skipped/>
  </testcase> <!-- @AfterMethod LogOutTheUser -->
  <testcase classname="Factory.BrowserFactory" name="@BeforeMethod launchBrowser" time="-1.727857390444E9">
    <skipped/>
  </testcase> <!-- @BeforeMethod launchBrowser -->
  <testcase classname="Factory.BrowserFactory" name="@AfterMethod LogOutTheUser" time="-1.727857390447E9">
    <skipped/>
  </testcase> <!-- @AfterMethod LogOutTheUser -->
  <testcase classname="Factory.BrowserFactory" name="@BeforeMethod launchBrowser" time="-1.727857390452E9">
    <failure type="org.testng.TestNGException" message="
Parameter &amp;apos;Browser&amp;apos; is required by BeforeMethod on method launchBrowser but has not been marked @Optional or defined
in C:\Users\user\eclipse-workspace\JenkinsSelenium\testng.xml">
      <![CDATA[org.testng.TestNGException: 
Parameter 'Browser' is required by BeforeMethod on method launchBrowser but has not been marked @Optional or defined
in C:\Users\user\eclipse-workspace\JenkinsSelenium\testng.xml
at java.base/java.util.ArrayList.forEach(ArrayList.java:1541)
... Removed 28 stack frames]]>
    </failure>
  </testcase> <!-- @BeforeMethod launchBrowser -->
  <testcase classname="Factory.BrowserFactory" name="@AfterMethod LogOutTheUser" time="-1.727857390458E9">
    <skipped/>
  </testcase> <!-- @AfterMethod LogOutTheUser -->
  <testcase classname="TestClass.LoginPageTest" name="loginTest" time="0.0">
    <skipped/>
  </testcase> <!-- loginTest -->
  <testcase classname="TestClass.LoginPageTest" name="loginTest" time="0.0">
    <skipped/>
  </testcase> <!-- loginTest -->
  <testcase classname="TestClass.HomePageTest" name="checkBackPackIsAvailiable" time="0.0">
    <skipped/>
  </testcase> <!-- checkBackPackIsAvailiable -->
</testsuite> <!-- Chrome Test -->
